\BOOKMARK [0][-]{chapter*.3}{Introduction}{}% 1
\BOOKMARK [0][-]{chapter.1}{ZX-Calculus}{}% 2
\BOOKMARK [1][-]{section.1.1}{Les composants du langage}{chapter.1}% 3
\BOOKMARK [1][-]{section.1.2}{Matrices}{chapter.1}% 4
\BOOKMARK [1][-]{section.1.3}{R\350gles de d\351monstration}{chapter.1}% 5
\BOOKMARK [1][-]{section.1.4}{Forme normale}{chapter.1}% 6
\BOOKMARK [0][-]{chapter.2}{Quantomatic}{}% 7
\BOOKMARK [1][-]{section.2.1}{Ajout th\351or\350me}{chapter.2}% 8
\BOOKMARK [1][-]{section.2.2}{Impl\351mentation strat\351gies}{chapter.2}% 9
\BOOKMARK [0][-]{chapter.3}{D\351veloppement Java}{}% 10
\BOOKMARK [1][-]{section.3.1}{Informations}{chapter.3}% 11
\BOOKMARK [1][-]{section.3.2}{Manipulation}{chapter.3}% 12
\BOOKMARK [1][-]{section.3.3}{Cr\351ation \(fonction "random"\)}{chapter.3}% 13
\BOOKMARK [1][-]{section.3.4}{Concat\351nation}{chapter.3}% 14
\BOOKMARK [1][-]{section.3.5}{V\351rification de Graphe}{chapter.3}% 15
\BOOKMARK [0][-]{chapter*.4}{Conclusion}{}% 16
\BOOKMARK [0][-]{chapter*.4}{Annexes}{}% 17
\BOOKMARK [0][-]{appendix.A}{La fonction random}{}% 18
\BOOKMARK [0][-]{appendix.B}{Strat\351gie permettant d'arriver vers un graph state}{}% 19
\BOOKMARK [0][-]{appendix.C}{Quelques nouvelles r\350gles du ZX-Calculus utilis\351es dans la strat\351gie}{}% 20
\BOOKMARK [0][-]{Item.16}{R\351f\351rences bibliographiques}{}% 21
